<?xml version="1.0" encoding="UTF-8"?>
<testsuite xmlns:xsi="http://www.w3.org/2001/XMLSchema-instance" xsi:noNamespaceSchemaLocation="https://maven.apache.org/surefire/maven-surefire-plugin/xsd/surefire-test-report.xsd" name="com.shirley.animal.AnimalTest" time="0.192" tests="54" errors="0" skipped="0" failures="0">
  <properties>
[...]
</properties>
  <testcase name="testSetIDBadAlreadySet" classname="com.shirley.animal.AnimalTest" time="0.032"/>
  <testcase name="testSetFixedBadAlreadyFixedTrue" classname="com.shirley.animal.AnimalTest" time="0.001"/>
  <testcase name="testSetGenderGoodMale" classname="com.shirley.animal.AnimalTest" time="0.003"/>
  <testcase name="testSetGenderBadIllegalGender" classname="com.shirley.animal.AnimalTest" time="0.001"/>
  <testcase name="testSetFixedGoodFalse" classname="com.shirley.animal.AnimalTest" time="0.002"/>
  <testcase name="testSetDateAddedGood" classname="com.shirley.animal.AnimalTest" time="0.001"/>
  <testcase name="testSetFixedBadAlreadyFixedFalse" classname="com.shirley.animal.AnimalTest" time="0.002"/>
  <testcase name="testGetSpecies" classname="com.shirley.animal.AnimalTest" time="0.001"/>
  <testcase name="testGetFixed" classname="com.shirley.animal.AnimalTest" time="0.001"/>
  <testcase name="testSetDateAddedBadUpperLimit" classname="com.shirley.animal.AnimalTest" time="0.003"/>
  <testcase name="testSetGenderBadAlreadySet" classname="com.shirley.animal.AnimalTest" time="0.001"/>
  <testcase name="testSetWeightGoodLowerLimit" classname="com.shirley.animal.AnimalTest" time="0"/>
  <testcase name="testSetDateAddedGoodUpperLimit" classname="com.shirley.animal.AnimalTest" time="0.001"/>
  <testcase name="testSetLegsGood" classname="com.shirley.animal.AnimalTest" time="0.001"/>
  <testcase name="testGetID" classname="com.shirley.animal.AnimalTest" time="0.001"/>
  <testcase name="testToString" classname="com.shirley.animal.AnimalTest" time="0.032"/>
  <testcase name="testSetLegsBadLowerLimit" classname="com.shirley.animal.AnimalTest" time="0.002"/>
  <testcase name="testSetSpeciesBadIllegalSpecies" classname="com.shirley.animal.AnimalTest" time="0.002"/>
  <testcase name="testSetWeightBadLowerLimit" classname="com.shirley.animal.AnimalTest" time="0.001"/>
  <testcase name="testCompareToGoodDogUnknown" classname="com.shirley.animal.AnimalTest" time="0.001"/>
  <testcase name="testSetFixedGoodTrue" classname="com.shirley.animal.AnimalTest" time="0.001"/>
  <testcase name="testSetLegsGoodLowerLimit" classname="com.shirley.animal.AnimalTest" time="0.001"/>
  <testcase name="testGetLegs" classname="com.shirley.animal.AnimalTest" time="0.001"/>
  <testcase name="testGetName" classname="com.shirley.animal.AnimalTest" time="0.001"/>
  <testcase name="testSetGenderGoodFemale" classname="com.shirley.animal.AnimalTest" time="0.001"/>
  <testcase name="testSetAgeGoodLowerLimit" classname="com.shirley.animal.AnimalTest" time="0.001"/>
  <testcase name="testSetIDBadAlreadyExists" classname="com.shirley.animal.AnimalTest" time="0.001"/>
  <testcase name="testSetLastFeedingTimeBadLowerLimit" classname="com.shirley.animal.AnimalTest" time="0.002"/>
  <testcase name="testSetWeightGoodUpperLimit" classname="com.shirley.animal.AnimalTest" time="0.001"/>
  <testcase name="testSetLegsBadUpperLimit" classname="com.shirley.animal.AnimalTest" time="0.003"/>
  <testcase name="testSetWeightBadUpperLimit" classname="com.shirley.animal.AnimalTest" time="0.001"/>
  <testcase name="testGetDateAdded" classname="com.shirley.animal.AnimalTest" time="0.001"/>
  <testcase name="testCompareToGoodCat" classname="com.shirley.animal.AnimalTest" time="0"/>
  <testcase name="testCompareToGoodDog" classname="com.shirley.animal.AnimalTest" time="0.001"/>
  <testcase name="testSetLegsGoodUpperLimit" classname="com.shirley.animal.AnimalTest" time="0.001"/>
  <testcase name="testSetWeightGood" classname="com.shirley.animal.AnimalTest" time="0.001"/>
  <testcase name="testSetIDGood" classname="com.shirley.animal.AnimalTest" time="0.001"/>
  <testcase name="testSetAgeGoodUpperLimit" classname="com.shirley.animal.AnimalTest" time="0.001"/>
  <testcase name="testGetLastFeedingTime" classname="com.shirley.animal.AnimalTest" time="0"/>
  <testcase name="testSetAgeBadBelowLimit" classname="com.shirley.animal.AnimalTest" time="0.001"/>
  <testcase name="testGetGender" classname="com.shirley.animal.AnimalTest" time="0.001"/>
  <testcase name="testSetAgeBadUpperLimit" classname="com.shirley.animal.AnimalTest" time="0.001"/>
  <testcase name="testCompareToGoodUnknownDog" classname="com.shirley.animal.AnimalTest" time="0"/>
  <testcase name="testSetAgeGood" classname="com.shirley.animal.AnimalTest" time="0.001"/>
  <testcase name="testSetLastFeedingTimeBadUpperLimit" classname="com.shirley.animal.AnimalTest" time="0.001"/>
  <testcase name="testGetAge" classname="com.shirley.animal.AnimalTest" time="0.001"/>
  <testcase name="testSetDateAddedBadLowerLimit" classname="com.shirley.animal.AnimalTest" time="0.002"/>
  <testcase name="testSetLastFeedingTimeGood" classname="com.shirley.animal.AnimalTest" time="0.008"/>
  <testcase name="testGetWeight" classname="com.shirley.animal.AnimalTest" time="0.001"/>
  <testcase name="testSetName" classname="com.shirley.animal.AnimalTest" time="0.001"/>
  <testcase name="testSetDateAddedGoodLowerLimit" classname="com.shirley.animal.AnimalTest" time="0.001"/>
  <testcase name="testSetSpeciesGoodCat" classname="com.shirley.animal.AnimalTest" time="0"/>
  <testcase name="testSetSpeciesGoodDog" classname="com.shirley.animal.AnimalTest" time="0"/>
  <testcase name="testSetSpeciesBadAlreadyExists" classname="com.shirley.animal.AnimalTest" time="0.001"/>
</testsuite>